<?xml version="1.0" encoding="UTF-8"?>
<!-- Generated by org.testng.reporters.JUnitXMLReporter -->
<testsuite ignored="0" hostname="KomputerekDamian" failures="1" tests="1" name="Test" time="0.197" errors="0" timestamp="23 sie 2018 16:09:51 GMT">
  <testcase classname="com.engineering_work.example.TestControl" name="f" time="0.156">
    <failure type="java.lang.NullPointerException">
      <![CDATA[java.lang.NullPointerException
at com.engineering_work.example.TestControl.f(TestControl.java:81)
... Removed 25 stack frames]]>
    </failure>
  </testcase> <!-- f -->
</testsuite> <!-- Test -->
