<?xml version="1.0" encoding="UTF-8"?>
<testng-results ignored="0" total="1" passed="1" failed="0" skipped="0">
  <reporter-output>
  </reporter-output>
  <suite started-at="2018-08-23T20:28:25Z" name="Default suite" finished-at="2018-08-23T20:28:35Z" duration-ms="10023">
    <groups>
    </groups>
    <test started-at="2018-08-23T20:28:25Z" name="Default test" finished-at="2018-08-23T20:28:35Z" duration-ms="10023">
      <class name="com.engineering_work.example.TestControl">
        <test-method is-config="true" signature="beforeTest()[pri:0, instance:com.engineering_work.example.TestControl@6a03bcb1]" started-at="2018-08-23T20:28:25Z" name="beforeTest" finished-at="2018-08-23T20:28:32Z" duration-ms="7709" status="PASS">
          <reporter-output>
          </reporter-output>
        </test-method> <!-- beforeTest -->
        <test-method signature="Test1()[pri:0, instance:com.engineering_work.example.TestControl@6a03bcb1]" started-at="2018-08-23T20:28:32Z" name="Test1" finished-at="2018-08-23T20:28:34Z" duration-ms="1282" status="PASS">
          <reporter-output>
          </reporter-output>
        </test-method> <!-- Test1 -->
        <test-method is-config="true" signature="afterTest()[pri:0, instance:com.engineering_work.example.TestControl@6a03bcb1]" started-at="2018-08-23T20:28:34Z" name="afterTest" finished-at="2018-08-23T20:28:35Z" duration-ms="1003" status="PASS">
          <reporter-output>
          </reporter-output>
        </test-method> <!-- afterTest -->
      </class> <!-- com.engineering_work.example.TestControl -->
    </test> <!-- Default test -->
  </suite> <!-- Default suite -->
</testng-results>
